<?xml version="1.0" encoding="UTF-8"?>
<testng-results ignored="0" total="2" passed="2" failed="0" skipped="0">
  <reporter-output>
  </reporter-output>
  <suite started-at="2023-01-30T18:46:04Z" name="Default suite" finished-at="2023-01-30T18:46:19Z" duration-ms="15587">
    <groups>
    </groups>
    <test started-at="2023-01-30T18:46:04Z" name="Default test" finished-at="2023-01-30T18:46:19Z" duration-ms="15587">
      <class name="com.qa.demoOrange.Test.AdminPageTest">
        <test-method is-config="true" signature="setUp()[pri:0, instance:com.qa.demoOrange.Test.AdminPageTest@6be968ce]" started-at="2023-01-30T18:46:04Z" name="setUp" finished-at="2023-01-30T18:46:15Z" duration-ms="11360" status="PASS">
          <reporter-output>
          </reporter-output>
        </test-method> <!-- setUp -->
        <test-method is-config="true" signature="AdminPageSetUp()[pri:0, instance:com.qa.demoOrange.Test.AdminPageTest@6be968ce]" started-at="2023-01-30T18:46:15Z" name="AdminPageSetUp" finished-at="2023-01-30T18:46:18Z" duration-ms="2519" status="PASS">
          <reporter-output>
          </reporter-output>
        </test-method> <!-- AdminPageSetUp -->
        <test-method signature="accountsPageTitleTest()[pri:1, instance:com.qa.demoOrange.Test.AdminPageTest@6be968ce]" started-at="2023-01-30T18:46:18Z" name="accountsPageTitleTest" finished-at="2023-01-30T18:46:18Z" duration-ms="23" status="PASS">
          <reporter-output>
          </reporter-output>
        </test-method> <!-- accountsPageTitleTest -->
        <test-method signature="AdminClickTest()[pri:2, instance:com.qa.demoOrange.Test.AdminPageTest@6be968ce]" started-at="2023-01-30T18:46:18Z" name="AdminClickTest" finished-at="2023-01-30T18:46:19Z" duration-ms="1662" status="PASS">
          <reporter-output>
          </reporter-output>
        </test-method> <!-- AdminClickTest -->
        <test-method is-config="true" signature="tearDown()[pri:0, instance:com.qa.demoOrange.Test.AdminPageTest@6be968ce]" started-at="2023-01-30T18:46:19Z" name="tearDown" finished-at="2023-01-30T18:46:19Z" duration-ms="0" status="PASS">
          <reporter-output>
          </reporter-output>
        </test-method> <!-- tearDown -->
      </class> <!-- com.qa.demoOrange.Test.AdminPageTest -->
    </test> <!-- Default test -->
  </suite> <!-- Default suite -->
</testng-results>
